[     168ms] [LOG] [Fast Refresh] rebuilding @ http://localhost:3000/_next/static/chunks/e2981_next_dist_2a4927b8._.js:2297
[     558ms] [LOG] [Fast Refresh] done in 494ms @ http://localhost:3000/_next/static/chunks/e2981_next_dist_2a4927b8._.js:2297
[    2618ms] [INFO] %cDownload the React DevTools for a better development experience: https://react.dev/link/react-devtools font-weight:bold @ http://localhost:3000/_next/static/chunks/e2981_next_dist_2a4927b8._.js:2297
[    2863ms] [LOG] [HMR] connected @ http://localhost:3000/_next/static/chunks/e2981_next_dist_2a4927b8._.js:2297
[    4934ms] [WARNING] THREE.Clock: This module has been deprecated. Please use THREE.Timer instead. @ http://localhost:3000/_next/static/chunks/e2981_next_dist_2a4927b8._.js:2297
[  816699ms] [LOG] [Fast Refresh] rebuilding @ http://localhost:3000/_next/static/chunks/e2981_next_dist_2a4927b8._.js:2297
[  816881ms] [LOG] [Fast Refresh] done in 281ms @ http://localhost:3000/_next/static/chunks/e2981_next_dist_2a4927b8._.js:2297
[  816984ms] [LOG] [Fast Refresh] rebuilding @ http://localhost:3000/_next/static/chunks/e2981_next_dist_2a4927b8._.js:2297
[  817015ms] [LOG] [Fast Refresh] done in 131ms @ http://localhost:3000/_next/static/chunks/e2981_next_dist_2a4927b8._.js:2297
[  835043ms] [LOG] [Fast Refresh] rebuilding @ http://localhost:3000/_next/static/chunks/e2981_next_dist_2a4927b8._.js:2297
[  835076ms] [LOG] [Fast Refresh] done in 133ms @ http://localhost:3000/_next/static/chunks/e2981_next_dist_2a4927b8._.js:2297
[  840877ms] [LOG] [Fast Refresh] rebuilding @ http://localhost:3000/_next/static/chunks/e2981_next_dist_2a4927b8._.js:2297
[  840941ms] [LOG] [Fast Refresh] done in 164ms @ http://localhost:3000/_next/static/chunks/e2981_next_dist_2a4927b8._.js:2297
[  854336ms] [LOG] [Fast Refresh] rebuilding @ http://localhost:3000/_next/static/chunks/e2981_next_dist_2a4927b8._.js:2297
[  854454ms] [LOG] [Fast Refresh] done in 217ms @ http://localhost:3000/_next/static/chunks/e2981_next_dist_2a4927b8._.js:2297
[  864531ms] [LOG] [Fast Refresh] rebuilding @ http://localhost:3000/_next/static/chunks/e2981_next_dist_2a4927b8._.js:2297
[  864582ms] [LOG] [Fast Refresh] done in 152ms @ http://localhost:3000/_next/static/chunks/e2981_next_dist_2a4927b8._.js:2297
[  864746ms] [LOG] [Fast Refresh] rebuilding @ http://localhost:3000/_next/static/chunks/e2981_next_dist_2a4927b8._.js:2297
[  864795ms] [LOG] [Fast Refresh] done in 162ms @ http://localhost:3000/_next/static/chunks/e2981_next_dist_2a4927b8._.js:2297
[  875098ms] [LOG] [Fast Refresh] rebuilding @ http://localhost:3000/_next/static/chunks/e2981_next_dist_2a4927b8._.js:2297
[  875594ms] [ERROR] ./work/portfilio/my-app/src/components/hero/shaders/blob.frag.ts:6:9
Parsing ecmascript source code failed
  4 | // glancing angles. No HDRI needed.
  5 |
> 6 | uniform float uTime;
    |         ^^^^^
  7 |
  8 | varying vec3 vNormal;
  9 | varying vec3 vViewDir;

Expected ';', '}' or <eof>

Import trace:
  Client Component Browser:
    ./work/portfilio/my-app/src/components/hero/shaders/blob.frag.ts [Client Component Browser]
    ./work/portfilio/my-app/src/components/hero/Blob.tsx [Client Component Browser]
    ./work/portfilio/my-app/src/components/hero/Scene.tsx [Client Component Browser]
    ./work/portfilio/my-app/src/components/hero/Hero.tsx [Client Component Browser]
    ./work/portfilio/my-app/src/app/page.tsx [Client Component Browser]
    ./work/portfilio/my-app/src/app/page.tsx [Server Component] @ http://localhost:3000/_next/static/chunks/e2981_next_dist_2a4927b8._.js:3127
[  882983ms] [LOG] [Fast Refresh] rebuilding @ http://localhost:3000/_next/static/chunks/e2981_next_dist_2a4927b8._.js:2297
[  883137ms] [ERROR] ./work/portfilio/my-app/src/components/hero/shaders/blob.frag.ts:6:9
Parsing ecmascript source code failed
  4 | // glancing angles. No HDRI needed.
  5 |
> 6 | uniform float uTime;
    |         ^^^^^
  7 |
  8 | varying vec3 vNormal;
  9 | varying vec3 vViewDir;

Expected ';', '}' or <eof>

Import trace:
  Client Component Browser:
    ./work/portfilio/my-app/src/components/hero/shaders/blob.frag.ts [Client Component Browser]
    ./work/portfilio/my-app/src/components/hero/Blob.tsx [Client Component Browser]
    ./work/portfilio/my-app/src/components/hero/Scene.tsx [Client Component Browser]
    ./work/portfilio/my-app/src/components/hero/Hero.tsx [Client Component Browser]
    ./work/portfilio/my-app/src/app/page.tsx [Client Component Browser]
    ./work/portfilio/my-app/src/app/page.tsx [Server Component] @ http://localhost:3000/_next/static/chunks/e2981_next_dist_2a4927b8._.js:3127
[  960371ms] [LOG] [Fast Refresh] rebuilding @ http://localhost:3000/_next/static/chunks/e2981_next_dist_2a4927b8._.js:2297
[  960676ms] [ERROR] ./work/portfilio/my-app/src/components/hero/shaders/blob.frag.ts:6:9
Parsing ecmascript source code failed
  4 | // glancing angles. No HDRI needed.
  5 |
> 6 | uniform float uTime;
    |         ^^^^^
  7 |
  8 | varying vec3 vNormal;
  9 | varying vec3 vViewDir;

Expected ';', '}' or <eof>

Import trace:
  Client Component Browser:
    ./work/portfilio/my-app/src/components/hero/shaders/blob.frag.ts [Client Component Browser]
    ./work/portfilio/my-app/src/components/hero/Blob.tsx [Client Component Browser]
    ./work/portfilio/my-app/src/components/hero/Scene.tsx [Client Component Browser]
    ./work/portfilio/my-app/src/components/hero/Hero.tsx [Client Component Browser]
    ./work/portfilio/my-app/src/app/page.tsx [Client Component Browser]
    ./work/portfilio/my-app/src/app/page.tsx [Server Component] @ http://localhost:3000/_next/static/chunks/e2981_next_dist_2a4927b8._.js:3127
[  960927ms] [LOG] [Fast Refresh] rebuilding @ http://localhost:3000/_next/static/chunks/e2981_next_dist_2a4927b8._.js:2297
[  961360ms] [LOG] [Fast Refresh] done in 363ms @ http://localhost:3000/_next/static/chunks/e2981_next_dist_2a4927b8._.js:2297
[  961480ms] [LOG] [Fast Refresh] rebuilding @ http://localhost:3000/_next/static/chunks/e2981_next_dist_2a4927b8._.js:2297
[  962101ms] [LOG] [Fast Refresh] done in 725ms @ http://localhost:3000/_next/static/chunks/e2981_next_dist_2a4927b8._.js:2297
[  963281ms] [WARNING] THREE.Clock: This module has been deprecated. Please use THREE.Timer instead. @ http://localhost:3000/_next/static/chunks/e2981_next_dist_2a4927b8._.js:2297
[  965253ms] [LOG] THREE.WebGLRenderer: Context Lost. @ http://localhost:3000/_next/static/chunks/e2981_next_dist_2a4927b8._.js:2297
