[    1453ms] [INFO] %cDownload the React DevTools for a better development experience: https://react.dev/link/react-devtools font-weight:bold @ http://localhost:3000/_next/static/chunks/e2981_next_dist_2a4927b8._.js:2297
[    1770ms] [LOG] [HMR] connected @ http://localhost:3000/_next/static/chunks/e2981_next_dist_2a4927b8._.js:2297
[    3936ms] [WARNING] THREE.Clock: This module has been deprecated. Please use THREE.Timer instead. @ http://localhost:3000/_next/static/chunks/e2981_next_dist_2a4927b8._.js:2297
[   12545ms] [LOG] [Fast Refresh] rebuilding @ http://localhost:3000/_next/static/chunks/e2981_next_dist_2a4927b8._.js:2297
[   12617ms] [LOG] [Fast Refresh] done in 174ms @ http://localhost:3000/_next/static/chunks/e2981_next_dist_2a4927b8._.js:2297
[   13821ms] [INFO] %cDownload the React DevTools for a better development experience: https://react.dev/link/react-devtools font-weight:bold @ http://localhost:3000/_next/static/chunks/e2981_next_dist_2a4927b8._.js:2297
[   13985ms] [LOG] [HMR] connected @ http://localhost:3000/_next/static/chunks/e2981_next_dist_2a4927b8._.js:2297
[   15684ms] [WARNING] THREE.Clock: This module has been deprecated. Please use THREE.Timer instead. @ http://localhost:3000/_next/static/chunks/e2981_next_dist_2a4927b8._.js:2297
[   17629ms] [LOG] [Fast Refresh] rebuilding @ http://localhost:3000/_next/static/chunks/e2981_next_dist_2a4927b8._.js:2297
[   17713ms] [LOG] [Fast Refresh] done in 205ms @ http://localhost:3000/_next/static/chunks/e2981_next_dist_2a4927b8._.js:2297
[  100363ms] [LOG] [Fast Refresh] rebuilding @ http://localhost:3000/_next/static/chunks/e2981_next_dist_2a4927b8._.js:2297
[  100390ms] [LOG] [Fast Refresh] done in 127ms @ http://localhost:3000/_next/static/chunks/e2981_next_dist_2a4927b8._.js:2297
[  106341ms] [LOG] [Fast Refresh] rebuilding @ http://localhost:3000/_next/static/chunks/e2981_next_dist_2a4927b8._.js:2297
[  106345ms] [LOG] [Fast Refresh] done in 125ms @ http://localhost:3000/_next/static/chunks/e2981_next_dist_2a4927b8._.js:2297
[  563857ms] [LOG] [Fast Refresh] rebuilding @ http://localhost:3000/_next/static/chunks/e2981_next_dist_2a4927b8._.js:2297
[  564074ms] [LOG] [Fast Refresh] done in 323ms @ http://localhost:3000/_next/static/chunks/e2981_next_dist_2a4927b8._.js:2297
[  580047ms] [LOG] [Fast Refresh] rebuilding @ http://localhost:3000/_next/static/chunks/e2981_next_dist_2a4927b8._.js:2297
[  581116ms] [LOG] [Fast Refresh] done in 1170ms @ http://localhost:3000/_next/static/chunks/e2981_next_dist_2a4927b8._.js:2297
[  614059ms] [LOG] [Fast Refresh] rebuilding @ http://localhost:3000/_next/static/chunks/e2981_next_dist_2a4927b8._.js:2297
[  615839ms] [LOG] [Fast Refresh] done in 1034ms @ http://localhost:3000/_next/static/chunks/e2981_next_dist_2a4927b8._.js:2297
[  620653ms] [INFO] %cDownload the React DevTools for a better development experience: https://react.dev/link/react-devtools font-weight:bold @ http://localhost:3000/_next/static/chunks/e2981_next_dist_2a4927b8._.js:2297
[  620971ms] [LOG] [HMR] connected @ http://localhost:3000/_next/static/chunks/e2981_next_dist_2a4927b8._.js:2297
[  623757ms] [WARNING] THREE.Clock: This module has been deprecated. Please use THREE.Timer instead. @ http://localhost:3000/_next/static/chunks/e2981_next_dist_2a4927b8._.js:2297
[  639172ms] [LOG] [Fast Refresh] rebuilding @ http://localhost:3000/_next/static/chunks/e2981_next_dist_2a4927b8._.js:2297
[  640686ms] [LOG] [Fast Refresh] done in 928ms @ http://localhost:3000/_next/static/chunks/e2981_next_dist_2a4927b8._.js:2297
[  643726ms] [INFO] %cDownload the React DevTools for a better development experience: https://react.dev/link/react-devtools font-weight:bold @ http://localhost:3000/_next/static/chunks/e2981_next_dist_2a4927b8._.js:2297
[  644094ms] [LOG] [HMR] connected @ http://localhost:3000/_next/static/chunks/e2981_next_dist_2a4927b8._.js:2297
[  644656ms] [LOG] [Fast Refresh] rebuilding @ http://localhost:3000/_next/static/chunks/e2981_next_dist_2a4927b8._.js:2297
[  644663ms] [LOG] [Fast Refresh] done in 153ms @ http://localhost:3000/_next/static/chunks/e2981_next_dist_2a4927b8._.js:2297
[  647315ms] [WARNING] THREE.Clock: This module has been deprecated. Please use THREE.Timer instead. @ http://localhost:3000/_next/static/chunks/e2981_next_dist_2a4927b8._.js:2297
[  723459ms] [LOG] [Fast Refresh] rebuilding @ http://localhost:3000/_next/static/chunks/e2981_next_dist_2a4927b8._.js:2297
[  723465ms] [LOG] [Fast Refresh] done in 128ms @ http://localhost:3000/_next/static/chunks/e2981_next_dist_2a4927b8._.js:2297
[  732680ms] [LOG] [Fast Refresh] rebuilding @ http://localhost:3000/_next/static/chunks/e2981_next_dist_2a4927b8._.js:2297
[  732726ms] [LOG] [Fast Refresh] done in 147ms @ http://localhost:3000/_next/static/chunks/e2981_next_dist_2a4927b8._.js:2297
[  740648ms] [LOG] [Fast Refresh] rebuilding @ http://localhost:3000/_next/static/chunks/e2981_next_dist_2a4927b8._.js:2297
[  740753ms] [LOG] [Fast Refresh] done in 205ms @ http://localhost:3000/_next/static/chunks/e2981_next_dist_2a4927b8._.js:2297
[  758373ms] [LOG] [Fast Refresh] rebuilding @ http://localhost:3000/_next/static/chunks/e2981_next_dist_2a4927b8._.js:2297
[  758443ms] [LOG] [Fast Refresh] done in 170ms @ http://localhost:3000/_next/static/chunks/e2981_next_dist_2a4927b8._.js:2297
[  759715ms] [INFO] %cDownload the React DevTools for a better development experience: https://react.dev/link/react-devtools font-weight:bold @ http://localhost:3000/_next/static/chunks/e2981_next_dist_2a4927b8._.js:2297
[  759989ms] [LOG] [HMR] connected @ http://localhost:3000/_next/static/chunks/e2981_next_dist_2a4927b8._.js:2297
[  761528ms] [WARNING] THREE.Clock: This module has been deprecated. Please use THREE.Timer instead. @ http://localhost:3000/_next/static/chunks/e2981_next_dist_2a4927b8._.js:2297
[  764377ms] [LOG] [Fast Refresh] rebuilding @ http://localhost:3000/_next/static/chunks/e2981_next_dist_2a4927b8._.js:2297
[  764393ms] [LOG] [Fast Refresh] done in 116ms @ http://localhost:3000/_next/static/chunks/e2981_next_dist_2a4927b8._.js:2297
[  765399ms] [INFO] %cDownload the React DevTools for a better development experience: https://react.dev/link/react-devtools font-weight:bold @ http://localhost:3000/_next/static/chunks/e2981_next_dist_2a4927b8._.js:2297
[  765677ms] [LOG] [HMR] connected @ http://localhost:3000/_next/static/chunks/e2981_next_dist_2a4927b8._.js:2297
[  767218ms] [WARNING] THREE.Clock: This module has been deprecated. Please use THREE.Timer instead. @ http://localhost:3000/_next/static/chunks/e2981_next_dist_2a4927b8._.js:2297
[  881307ms] [LOG] [Fast Refresh] rebuilding @ http://localhost:3000/_next/static/chunks/e2981_next_dist_2a4927b8._.js:2297
[  881774ms] [LOG] [Fast Refresh] done in 535ms @ http://localhost:3000/_next/static/chunks/e2981_next_dist_2a4927b8._.js:2297
[  914307ms] [LOG] [Fast Refresh] rebuilding @ http://localhost:3000/_next/static/chunks/e2981_next_dist_2a4927b8._.js:2297
[  914755ms] [LOG] [Fast Refresh] done in 555ms @ http://localhost:3000/_next/static/chunks/e2981_next_dist_2a4927b8._.js:2297
[  917177ms] [INFO] %cDownload the React DevTools for a better development experience: https://react.dev/link/react-devtools font-weight:bold @ http://localhost:3000/_next/static/chunks/e2981_next_dist_2a4927b8._.js:2297
[  917415ms] [LOG] [HMR] connected @ http://localhost:3000/_next/static/chunks/e2981_next_dist_2a4927b8._.js:2297
[  919161ms] [WARNING] THREE.Clock: This module has been deprecated. Please use THREE.Timer instead. @ http://localhost:3000/_next/static/chunks/e2981_next_dist_2a4927b8._.js:2297
[  964667ms] [LOG] [Fast Refresh] rebuilding @ http://localhost:3000/_next/static/chunks/e2981_next_dist_2a4927b8._.js:2297
[  964671ms] [LOG] [Fast Refresh] done in 111ms @ http://localhost:3000/_next/static/chunks/e2981_next_dist_2a4927b8._.js:2297
[  965942ms] [INFO] %cDownload the React DevTools for a better development experience: https://react.dev/link/react-devtools font-weight:bold @ http://localhost:3000/_next/static/chunks/e2981_next_dist_2a4927b8._.js:2297
[  966218ms] [LOG] [HMR] connected @ http://localhost:3000/_next/static/chunks/e2981_next_dist_2a4927b8._.js:2297
[  967510ms] [WARNING] THREE.Clock: This module has been deprecated. Please use THREE.Timer instead. @ http://localhost:3000/_next/static/chunks/e2981_next_dist_2a4927b8._.js:2297
[ 1042017ms] [LOG] [Fast Refresh] rebuilding @ http://localhost:3000/_next/static/chunks/e2981_next_dist_2a4927b8._.js:2297
[ 1042603ms] [LOG] [Fast Refresh] done in 632ms @ http://localhost:3000/_next/static/chunks/e2981_next_dist_2a4927b8._.js:2297
[ 1077061ms] [LOG] [Fast Refresh] rebuilding @ http://localhost:3000/_next/static/chunks/e2981_next_dist_2a4927b8._.js:2297
[ 1077588ms] [LOG] [Fast Refresh] done in 627ms @ http://localhost:3000/_next/static/chunks/e2981_next_dist_2a4927b8._.js:2297
[ 1079605ms] [INFO] %cDownload the React DevTools for a better development experience: https://react.dev/link/react-devtools font-weight:bold @ http://localhost:3000/_next/static/chunks/e2981_next_dist_2a4927b8._.js:2297
[ 1079969ms] [LOG] [HMR] connected @ http://localhost:3000/_next/static/chunks/e2981_next_dist_2a4927b8._.js:2297
[ 1081716ms] [WARNING] THREE.Clock: This module has been deprecated. Please use THREE.Timer instead. @ http://localhost:3000/_next/static/chunks/e2981_next_dist_2a4927b8._.js:2297
[ 1169226ms] [LOG] [Fast Refresh] rebuilding @ http://localhost:3000/_next/static/chunks/e2981_next_dist_2a4927b8._.js:2297
[ 1169778ms] [LOG] [Fast Refresh] done in 611ms @ http://localhost:3000/_next/static/chunks/e2981_next_dist_2a4927b8._.js:2297
[ 1176842ms] [LOG] [Fast Refresh] rebuilding @ http://localhost:3000/_next/static/chunks/e2981_next_dist_2a4927b8._.js:2297
[ 1177239ms] [LOG] [Fast Refresh] done in 504ms @ http://localhost:3000/_next/static/chunks/e2981_next_dist_2a4927b8._.js:2297
[ 1180096ms] [INFO] %cDownload the React DevTools for a better development experience: https://react.dev/link/react-devtools font-weight:bold @ http://localhost:3000/_next/static/chunks/e2981_next_dist_2a4927b8._.js:2297
[ 1180526ms] [LOG] [HMR] connected @ http://localhost:3000/_next/static/chunks/e2981_next_dist_2a4927b8._.js:2297
[ 1181969ms] [WARNING] THREE.Clock: This module has been deprecated. Please use THREE.Timer instead. @ http://localhost:3000/_next/static/chunks/e2981_next_dist_2a4927b8._.js:2297
[ 1333386ms] [LOG] [Fast Refresh] rebuilding @ http://localhost:3000/_next/static/chunks/e2981_next_dist_2a4927b8._.js:2297
[ 1333679ms] [LOG] [Fast Refresh] done in 372ms @ http://localhost:3000/_next/static/chunks/e2981_next_dist_2a4927b8._.js:2297
[ 1338612ms] [LOG] [Fast Refresh] rebuilding @ http://localhost:3000/_next/static/chunks/e2981_next_dist_2a4927b8._.js:2297
[ 1338810ms] [LOG] [Fast Refresh] done in 306ms @ http://localhost:3000/_next/static/chunks/e2981_next_dist_2a4927b8._.js:2297
[ 1346751ms] [LOG] [Fast Refresh] rebuilding @ http://localhost:3000/_next/static/chunks/e2981_next_dist_2a4927b8._.js:2297
[ 1346978ms] [LOG] [Fast Refresh] done in 277ms @ http://localhost:3000/_next/static/chunks/e2981_next_dist_2a4927b8._.js:2297
[ 1347611ms] [LOG] THREE.WebGLRenderer: Context Lost. @ http://localhost:3000/_next/static/chunks/e2981_next_dist_2a4927b8._.js:2297
[ 1347709ms] [LOG] [Fast Refresh] rebuilding @ http://localhost:3000/_next/static/chunks/e2981_next_dist_2a4927b8._.js:2297
[ 1347976ms] [LOG] [Fast Refresh] done in 367ms @ http://localhost:3000/_next/static/chunks/e2981_next_dist_2a4927b8._.js:2297
[ 1348124ms] [LOG] [Fast Refresh] rebuilding @ http://localhost:3000/_next/static/chunks/e2981_next_dist_2a4927b8._.js:2297
[ 1348439ms] [LOG] [Fast Refresh] done in 391ms @ http://localhost:3000/_next/static/chunks/e2981_next_dist_2a4927b8._.js:2297
[ 1357499ms] [LOG] [Fast Refresh] rebuilding @ http://localhost:3000/_next/static/chunks/e2981_next_dist_2a4927b8._.js:2297
[ 1358068ms] [LOG] [Fast Refresh] done in 681ms @ http://localhost:3000/_next/static/chunks/e2981_next_dist_2a4927b8._.js:2297
[ 1363149ms] [LOG] [Fast Refresh] rebuilding @ http://localhost:3000/_next/static/chunks/e2981_next_dist_2a4927b8._.js:2297
[ 1363149ms] [LOG] [Fast Refresh] done in 122ms @ http://localhost:3000/_next/static/chunks/e2981_next_dist_2a4927b8._.js:2297
[ 1455483ms] [LOG] [Fast Refresh] rebuilding @ http://localhost:3000/_next/static/chunks/e2981_next_dist_2a4927b8._.js:2297
[ 1455519ms] [LOG] [Fast Refresh] done in 144ms @ http://localhost:3000/_next/static/chunks/e2981_next_dist_2a4927b8._.js:2297
[ 1457038ms] [INFO] %cDownload the React DevTools for a better development experience: https://react.dev/link/react-devtools font-weight:bold @ http://localhost:3000/_next/static/chunks/e2981_next_dist_2a4927b8._.js:2297
[ 1457341ms] [LOG] [HMR] connected @ http://localhost:3000/_next/static/chunks/e2981_next_dist_2a4927b8._.js:2297
[ 1459029ms] [WARNING] THREE.Clock: This module has been deprecated. Please use THREE.Timer instead. @ http://localhost:3000/_next/static/chunks/e2981_next_dist_2a4927b8._.js:2297
[ 3096848ms] [LOG] [Fast Refresh] rebuilding @ http://localhost:3000/_next/static/chunks/e2981_next_dist_2a4927b8._.js:2297
[ 3097016ms] [LOG] [Fast Refresh] done in 274ms @ http://localhost:3000/_next/static/chunks/e2981_next_dist_2a4927b8._.js:2297
[ 3100559ms] [LOG] [Fast Refresh] rebuilding @ http://localhost:3000/_next/static/chunks/e2981_next_dist_2a4927b8._.js:2297
[ 3101120ms] [LOG] [Fast Refresh] done in 650ms @ http://localhost:3000/_next/static/chunks/e2981_next_dist_2a4927b8._.js:2297
[ 3116871ms] [LOG] [Fast Refresh] rebuilding @ http://localhost:3000/_next/static/chunks/e2981_next_dist_2a4927b8._.js:2297
[ 3117787ms] [LOG] [Fast Refresh] done in 1001ms @ http://localhost:3000/_next/static/chunks/e2981_next_dist_2a4927b8._.js:2297
[ 3118558ms] [LOG] [Fast Refresh] rebuilding @ http://localhost:3000/_next/static/chunks/e2981_next_dist_2a4927b8._.js:2297
[ 3119763ms] [LOG] [Fast Refresh] done in 1286ms @ http://localhost:3000/_next/static/chunks/e2981_next_dist_2a4927b8._.js:2297
[ 3153310ms] [LOG] [Fast Refresh] rebuilding @ http://localhost:3000/_next/static/chunks/e2981_next_dist_2a4927b8._.js:2297
[ 3153451ms] [LOG] [Fast Refresh] done in 168ms @ http://localhost:3000/_next/static/chunks/e2981_next_dist_2a4927b8._.js:2297
[ 3153566ms] [LOG] [Fast Refresh] rebuilding @ http://localhost:3000/_next/static/chunks/e2981_next_dist_2a4927b8._.js:2297
[ 3153989ms] [LOG] [Fast Refresh] done in 527ms @ http://localhost:3000/_next/static/chunks/e2981_next_dist_2a4927b8._.js:2297
[ 3154731ms] [LOG] [Fast Refresh] rebuilding @ http://localhost:3000/_next/static/chunks/e2981_next_dist_2a4927b8._.js:2297
[ 3154850ms] [LOG] [Fast Refresh] done in 273ms @ http://localhost:3000/_next/static/chunks/e2981_next_dist_2a4927b8._.js:2297
[ 3155205ms] [LOG] [Fast Refresh] rebuilding @ http://localhost:3000/_next/static/chunks/e2981_next_dist_2a4927b8._.js:2297
[ 3155299ms] [LOG] [Fast Refresh] done in 134ms @ http://localhost:3000/_next/static/chunks/e2981_next_dist_2a4927b8._.js:2297
[ 3155427ms] [LOG] [Fast Refresh] rebuilding @ http://localhost:3000/_next/static/chunks/e2981_next_dist_2a4927b8._.js:2297
[ 3156029ms] [LOG] [Fast Refresh] done in 706ms @ http://localhost:3000/_next/static/chunks/e2981_next_dist_2a4927b8._.js:2297
[ 3156396ms] [LOG] [Fast Refresh] rebuilding @ http://localhost:3000/_next/static/chunks/e2981_next_dist_2a4927b8._.js:2297
[ 3159931ms] [LOG] [Fast Refresh] done in 2786ms @ http://localhost:3000/_next/static/chunks/e2981_next_dist_2a4927b8._.js:2297
[ 3162700ms] [INFO] %cDownload the React DevTools for a better development experience: https://react.dev/link/react-devtools font-weight:bold @ http://localhost:3000/_next/static/chunks/e2981_next_dist_2a4927b8._.js:2297
[ 3163017ms] [LOG] [HMR] connected @ http://localhost:3000/_next/static/chunks/e2981_next_dist_2a4927b8._.js:2297
[ 3166590ms] [WARNING] THREE.Clock: This module has been deprecated. Please use THREE.Timer instead. @ http://localhost:3000/_next/static/chunks/e2981_next_dist_2a4927b8._.js:2297
[ 3234240ms] [LOG] [Fast Refresh] rebuilding @ http://localhost:3000/_next/static/chunks/e2981_next_dist_2a4927b8._.js:2297
[ 3235849ms] [LOG] [Fast Refresh] done in 942ms @ http://localhost:3000/_next/static/chunks/e2981_next_dist_2a4927b8._.js:2297
[ 3239382ms] [INFO] %cDownload the React DevTools for a better development experience: https://react.dev/link/react-devtools font-weight:bold @ http://localhost:3000/_next/static/chunks/e2981_next_dist_2a4927b8._.js:2297
[ 3239742ms] [LOG] [HMR] connected @ http://localhost:3000/_next/static/chunks/e2981_next_dist_2a4927b8._.js:2297
[ 3242115ms] [LOG] [Fast Refresh] rebuilding @ http://localhost:3000/_next/static/chunks/e2981_next_dist_2a4927b8._.js:2297
[ 3242125ms] [LOG] [Fast Refresh] done in 228ms @ http://localhost:3000/_next/static/chunks/e2981_next_dist_2a4927b8._.js:2297
[ 3242539ms] [WARNING] THREE.Clock: This module has been deprecated. Please use THREE.Timer instead. @ http://localhost:3000/_next/static/chunks/e2981_next_dist_2a4927b8._.js:2297
[ 3243982ms] [LOG] [Fast Refresh] rebuilding @ http://localhost:3000/_next/static/chunks/e2981_next_dist_2a4927b8._.js:2297
[ 3244954ms] [LOG] [Fast Refresh] done in 740ms @ http://localhost:3000/_next/static/chunks/e2981_next_dist_2a4927b8._.js:2297
[ 3270202ms] [LOG] [Fast Refresh] rebuilding @ http://localhost:3000/_next/static/chunks/e2981_next_dist_2a4927b8._.js:2297
[ 3270778ms] [LOG] [Fast Refresh] done in 658ms @ http://localhost:3000/_next/static/chunks/e2981_next_dist_2a4927b8._.js:2297
[ 3271456ms] [LOG] [Fast Refresh] rebuilding @ http://localhost:3000/_next/static/chunks/e2981_next_dist_2a4927b8._.js:2297
[ 3271457ms] [LOG] [Fast Refresh] done in 304ms @ http://localhost:3000/_next/static/chunks/e2981_next_dist_2a4927b8._.js:2297
[ 3271682ms] [LOG] [Fast Refresh] rebuilding @ http://localhost:3000/_next/static/chunks/e2981_next_dist_2a4927b8._.js:2297
[ 3272070ms] [LOG] [Fast Refresh] done in 407ms @ http://localhost:3000/_next/static/chunks/e2981_next_dist_2a4927b8._.js:2297
[ 3272231ms] [LOG] [Fast Refresh] rebuilding @ http://localhost:3000/_next/static/chunks/e2981_next_dist_2a4927b8._.js:2297
[ 3272576ms] [LOG] [Fast Refresh] done in 446ms @ http://localhost:3000/_next/static/chunks/e2981_next_dist_2a4927b8._.js:2297
[ 3272741ms] [LOG] [Fast Refresh] rebuilding @ http://localhost:3000/_next/static/chunks/e2981_next_dist_2a4927b8._.js:2297
[ 3273419ms] [LOG] [Fast Refresh] done in 697ms @ http://localhost:3000/_next/static/chunks/e2981_next_dist_2a4927b8._.js:2297
[ 3336281ms] [LOG] [Fast Refresh] rebuilding @ http://localhost:3000/_next/static/chunks/e2981_next_dist_2a4927b8._.js:2297
[ 3337821ms] [LOG] [Fast Refresh] done in 1018ms @ http://localhost:3000/_next/static/chunks/e2981_next_dist_2a4927b8._.js:2297
[ 3340213ms] [INFO] %cDownload the React DevTools for a better development experience: https://react.dev/link/react-devtools font-weight:bold @ http://localhost:3000/_next/static/chunks/e2981_next_dist_2a4927b8._.js:2297
[ 3340409ms] [LOG] [HMR] connected @ http://localhost:3000/_next/static/chunks/e2981_next_dist_2a4927b8._.js:2297
[ 3340974ms] [LOG] [Fast Refresh] rebuilding @ http://localhost:3000/_next/static/chunks/e2981_next_dist_2a4927b8._.js:2297
[ 3341066ms] [LOG] [Fast Refresh] done in 195ms @ http://localhost:3000/_next/static/chunks/e2981_next_dist_2a4927b8._.js:2297
[ 3342482ms] [LOG] [Fast Refresh] rebuilding @ http://localhost:3000/_next/static/chunks/e2981_next_dist_2a4927b8._.js:2297
[ 3342490ms] [LOG] [Fast Refresh] done in 110ms @ http://localhost:3000/_next/static/chunks/e2981_next_dist_2a4927b8._.js:2297
[ 3342826ms] [WARNING] THREE.Clock: This module has been deprecated. Please use THREE.Timer instead. @ http://localhost:3000/_next/static/chunks/e2981_next_dist_2a4927b8._.js:2297
[ 3348976ms] [LOG] [Fast Refresh] rebuilding @ http://localhost:3000/_next/static/chunks/e2981_next_dist_2a4927b8._.js:2297
[ 3349199ms] [LOG] [Fast Refresh] done in 325ms @ http://localhost:3000/_next/static/chunks/e2981_next_dist_2a4927b8._.js:2297
[ 3349894ms] [LOG] [Fast Refresh] rebuilding @ http://localhost:3000/_next/static/chunks/e2981_next_dist_2a4927b8._.js:2297
[ 3350158ms] [LOG] [Fast Refresh] done in 345ms @ http://localhost:3000/_next/static/chunks/e2981_next_dist_2a4927b8._.js:2297
[ 3350801ms] [LOG] [Fast Refresh] rebuilding @ http://localhost:3000/_next/static/chunks/e2981_next_dist_2a4927b8._.js:2297
[ 3351200ms] [LOG] [Fast Refresh] done in 494ms @ http://localhost:3000/_next/static/chunks/e2981_next_dist_2a4927b8._.js:2297
[ 3351304ms] [LOG] [Fast Refresh] rebuilding @ http://localhost:3000/_next/static/chunks/e2981_next_dist_2a4927b8._.js:2297
[ 3351477ms] [LOG] [Fast Refresh] done in 239ms @ http://localhost:3000/_next/static/chunks/e2981_next_dist_2a4927b8._.js:2297
[ 3352099ms] [LOG] [Fast Refresh] rebuilding @ http://localhost:3000/_next/static/chunks/e2981_next_dist_2a4927b8._.js:2297
[ 3352555ms] [LOG] [Fast Refresh] done in 420ms @ http://localhost:3000/_next/static/chunks/e2981_next_dist_2a4927b8._.js:2297
[ 3393296ms] [LOG] [Fast Refresh] rebuilding @ http://localhost:3000/_next/static/chunks/e2981_next_dist_2a4927b8._.js:2297
[ 3395108ms] [LOG] [Fast Refresh] done in 1115ms @ http://localhost:3000/_next/static/chunks/e2981_next_dist_2a4927b8._.js:2297
[ 3398493ms] [INFO] %cDownload the React DevTools for a better development experience: https://react.dev/link/react-devtools font-weight:bold @ http://localhost:3000/_next/static/chunks/e2981_next_dist_2a4927b8._.js:2297
[ 3398728ms] [LOG] [HMR] connected @ http://localhost:3000/_next/static/chunks/e2981_next_dist_2a4927b8._.js:2297
[ 3400908ms] [WARNING] THREE.Clock: This module has been deprecated. Please use THREE.Timer instead. @ http://localhost:3000/_next/static/chunks/e2981_next_dist_2a4927b8._.js:2297
[ 3432550ms] [LOG] [Fast Refresh] rebuilding @ http://localhost:3000/_next/static/chunks/e2981_next_dist_2a4927b8._.js:2297
[ 3434220ms] [LOG] [Fast Refresh] done in 1410ms @ http://localhost:3000/_next/static/chunks/e2981_next_dist_2a4927b8._.js:2297
[ 3460461ms] [LOG] [Fast Refresh] rebuilding @ http://localhost:3000/_next/static/chunks/e2981_next_dist_2a4927b8._.js:2297
[ 3462348ms] [LOG] [Fast Refresh] done in 1091ms @ http://localhost:3000/_next/static/chunks/e2981_next_dist_2a4927b8._.js:2297
[ 3466068ms] [INFO] %cDownload the React DevTools for a better development experience: https://react.dev/link/react-devtools font-weight:bold @ http://localhost:3000/_next/static/chunks/e2981_next_dist_2a4927b8._.js:2297
[ 3466355ms] [LOG] [HMR] connected @ http://localhost:3000/_next/static/chunks/e2981_next_dist_2a4927b8._.js:2297
[ 3466651ms] [LOG] [Fast Refresh] rebuilding @ http://localhost:3000/_next/static/chunks/e2981_next_dist_2a4927b8._.js:2297
[ 3466659ms] [LOG] [Fast Refresh] done in 137ms @ http://localhost:3000/_next/static/chunks/e2981_next_dist_2a4927b8._.js:2297
[ 3468267ms] [WARNING] THREE.Clock: This module has been deprecated. Please use THREE.Timer instead. @ http://localhost:3000/_next/static/chunks/e2981_next_dist_2a4927b8._.js:2297
[ 3494544ms] [LOG] [Fast Refresh] rebuilding @ http://localhost:3000/_next/static/chunks/e2981_next_dist_2a4927b8._.js:2297
[ 3495400ms] [LOG] [Fast Refresh] done in 429ms @ http://localhost:3000/_next/static/chunks/e2981_next_dist_2a4927b8._.js:2297
[ 3517843ms] [LOG] [Fast Refresh] rebuilding @ http://localhost:3000/_next/static/chunks/e2981_next_dist_2a4927b8._.js:2297
[ 3519238ms] [LOG] [Fast Refresh] done in 813ms @ http://localhost:3000/_next/static/chunks/e2981_next_dist_2a4927b8._.js:2297
[ 3521984ms] [INFO] %cDownload the React DevTools for a better development experience: https://react.dev/link/react-devtools font-weight:bold @ http://localhost:3000/_next/static/chunks/e2981_next_dist_2a4927b8._.js:2297
[ 3522085ms] [LOG] [HMR] connected @ http://localhost:3000/_next/static/chunks/e2981_next_dist_2a4927b8._.js:2297
[ 3524633ms] [WARNING] THREE.Clock: This module has been deprecated. Please use THREE.Timer instead. @ http://localhost:3000/_next/static/chunks/e2981_next_dist_2a4927b8._.js:2297
[ 3925785ms] [LOG] [Fast Refresh] rebuilding @ http://localhost:3000/_next/static/chunks/e2981_next_dist_2a4927b8._.js:2297
[ 3925800ms] [LOG] [Fast Refresh] done in 116ms @ http://localhost:3000/_next/static/chunks/e2981_next_dist_2a4927b8._.js:2297
[ 4559723ms] [LOG] [Fast Refresh] rebuilding @ http://localhost:3000/_next/static/chunks/e2981_next_dist_2a4927b8._.js:2297
[ 4560042ms] [LOG] [Fast Refresh] done in 380ms @ http://localhost:3000/_next/static/chunks/e2981_next_dist_2a4927b8._.js:2297
[ 4560127ms] [WARNING] THREE.Clock: This module has been deprecated. Please use THREE.Timer instead. @ http://localhost:3000/_next/static/chunks/e2981_next_dist_2a4927b8._.js:2297
[ 4560906ms] [LOG] THREE.WebGLRenderer: Context Lost. @ http://localhost:3000/_next/static/chunks/e2981_next_dist_2a4927b8._.js:2297
[ 4571088ms] [LOG] [Fast Refresh] rebuilding @ http://localhost:3000/_next/static/chunks/e2981_next_dist_2a4927b8._.js:2297
[ 4578302ms] [LOG] [Fast Refresh] done in 5964ms @ http://localhost:3000/_next/static/chunks/e2981_next_dist_2a4927b8._.js:2297
[ 4578525ms] [WARNING] THREE.WARNING: Multiple instances of Three.js being imported. @ http://localhost:3000/_next/static/chunks/e2981_next_dist_2a4927b8._.js:2297
[ 4578698ms] [WARNING] THREE.Clock: This module has been deprecated. Please use THREE.Timer instead. @ http://localhost:3000/_next/static/chunks/e2981_next_dist_2a4927b8._.js:2297
[ 4579344ms] [LOG] THREE.WebGLRenderer: Context Lost. @ http://localhost:3000/_next/static/chunks/e2981_next_dist_2a4927b8._.js:2297
[ 4581641ms] [LOG] [Fast Refresh] rebuilding @ http://localhost:3000/_next/static/chunks/e2981_next_dist_2a4927b8._.js:2297
[ 4582145ms] [LOG] [Fast Refresh] done in 485ms @ http://localhost:3000/_next/static/chunks/e2981_next_dist_2a4927b8._.js:2297
[ 4582308ms] [WARNING] THREE.Clock: This module has been deprecated. Please use THREE.Timer instead. @ http://localhost:3000/_next/static/chunks/e2981_next_dist_2a4927b8._.js:2297
[ 4582798ms] [LOG] THREE.WebGLRenderer: Context Lost. @ http://localhost:3000/_next/static/chunks/e2981_next_dist_2a4927b8._.js:2297
[ 4659462ms] [LOG] [Fast Refresh] rebuilding @ http://localhost:3000/_next/static/chunks/e2981_next_dist_2a4927b8._.js:2297
[ 4659802ms] [LOG] [Fast Refresh] done in 388ms @ http://localhost:3000/_next/static/chunks/e2981_next_dist_2a4927b8._.js:2297
[ 4673523ms] [LOG] [Fast Refresh] rebuilding @ http://localhost:3000/_next/static/chunks/e2981_next_dist_2a4927b8._.js:2297
[ 4674538ms] [LOG] [Fast Refresh] done in 1035ms @ http://localhost:3000/_next/static/chunks/e2981_next_dist_2a4927b8._.js:2297
[ 4908206ms] [LOG] [Fast Refresh] rebuilding @ http://localhost:3000/_next/static/chunks/e2981_next_dist_2a4927b8._.js:2297
[ 4908760ms] [LOG] [Fast Refresh] done in 598ms @ http://localhost:3000/_next/static/chunks/e2981_next_dist_2a4927b8._.js:2297
[ 4908959ms] [WARNING] THREE.Clock: This module has been deprecated. Please use THREE.Timer instead. @ http://localhost:3000/_next/static/chunks/e2981_next_dist_2a4927b8._.js:2297
[ 4909557ms] [LOG] THREE.WebGLRenderer: Context Lost. @ http://localhost:3000/_next/static/chunks/e2981_next_dist_2a4927b8._.js:2297
[ 5005884ms] [LOG] [Fast Refresh] rebuilding @ http://localhost:3000/_next/static/chunks/e2981_next_dist_2a4927b8._.js:2297
[ 5005911ms] [LOG] [Fast Refresh] done in 128ms @ http://localhost:3000/_next/static/chunks/e2981_next_dist_2a4927b8._.js:2297
[ 5035813ms] [LOG] [Fast Refresh] rebuilding @ http://localhost:3000/_next/static/chunks/e2981_next_dist_2a4927b8._.js:2297
[ 5036122ms] [LOG] [Fast Refresh] done in 353ms @ http://localhost:3000/_next/static/chunks/e2981_next_dist_2a4927b8._.js:2297
[ 5036375ms] [WARNING] THREE.Clock: This module has been deprecated. Please use THREE.Timer instead. @ http://localhost:3000/_next/static/chunks/e2981_next_dist_2a4927b8._.js:2297
[ 5037108ms] [LOG] THREE.WebGLRenderer: Context Lost. @ http://localhost:3000/_next/static/chunks/e2981_next_dist_2a4927b8._.js:2297
[ 5240598ms] [LOG] [Fast Refresh] rebuilding @ http://localhost:3000/_next/static/chunks/e2981_next_dist_2a4927b8._.js:2297
[ 5241899ms] [LOG] [Fast Refresh] done in 364ms @ http://localhost:3000/_next/static/chunks/e2981_next_dist_2a4927b8._.js:2297
[ 5241957ms] [WARNING] THREE.Clock: This module has been deprecated. Please use THREE.Timer instead. @ http://localhost:3000/_next/static/chunks/e2981_next_dist_2a4927b8._.js:2297
[ 5242543ms] [LOG] THREE.WebGLRenderer: Context Lost. @ http://localhost:3000/_next/static/chunks/e2981_next_dist_2a4927b8._.js:2297
[ 5261231ms] [LOG] [Fast Refresh] rebuilding @ http://localhost:3000/_next/static/chunks/e2981_next_dist_2a4927b8._.js:2297
[ 5262350ms] [LOG] [Fast Refresh] done in 410ms @ http://localhost:3000/_next/static/chunks/e2981_next_dist_2a4927b8._.js:2297
[ 5262476ms] [WARNING] THREE.Clock: This module has been deprecated. Please use THREE.Timer instead. @ http://localhost:3000/_next/static/chunks/e2981_next_dist_2a4927b8._.js:2297
[ 5263309ms] [LOG] THREE.WebGLRenderer: Context Lost. @ http://localhost:3000/_next/static/chunks/e2981_next_dist_2a4927b8._.js:2297
[ 6282937ms] [LOG] [Fast Refresh] rebuilding @ http://localhost:3000/_next/static/chunks/e2981_next_dist_2a4927b8._.js:2297
[ 6283323ms] [LOG] [Fast Refresh] done in 410ms @ http://localhost:3000/_next/static/chunks/e2981_next_dist_2a4927b8._.js:2297
[ 6283497ms] [WARNING] THREE.Clock: This module has been deprecated. Please use THREE.Timer instead. @ http://localhost:3000/_next/static/chunks/e2981_next_dist_2a4927b8._.js:2297
[ 6284348ms] [LOG] THREE.WebGLRenderer: Context Lost. @ http://localhost:3000/_next/static/chunks/e2981_next_dist_2a4927b8._.js:2297
[ 6296235ms] [LOG] [Fast Refresh] rebuilding @ http://localhost:3000/_next/static/chunks/e2981_next_dist_2a4927b8._.js:2297
[ 6299086ms] [LOG] [Fast Refresh] done in 801ms @ http://localhost:3000/_next/static/chunks/e2981_next_dist_2a4927b8._.js:2297
[ 6299202ms] [WARNING] [Fast Refresh] performing full reload

Fast Refresh will perform a full reload when you edit a file that's imported by modules outside of the React rendering tree.
You might have a file which exports a React component but also exports a value that is imported by a non-React component file.
Consider migrating the non-React component export to a separate file and importing it into both files.

It is also possible the parent component of the component you edited is a class component, which disables Fast Refresh.
Fast Refresh requires at least one parent function component in your React tree. @ http://localhost:3000/_next/static/chunks/e2981_next_dist_2a4927b8._.js:2297
[ 6301650ms] [WARNING] THREE.Clock: This module has been deprecated. Please use THREE.Timer instead. @ http://localhost:3000/_next/static/chunks/e2981_next_dist_2a4927b8._.js:2297
[ 6304077ms] [INFO] %cDownload the React DevTools for a better development experience: https://react.dev/link/react-devtools font-weight:bold @ http://localhost:3000/_next/static/chunks/e2981_next_dist_2a4927b8._.js:2297
[ 6304285ms] [LOG] [HMR] connected @ http://localhost:3000/_next/static/chunks/e2981_next_dist_2a4927b8._.js:2297
[ 6306905ms] [WARNING] THREE.Clock: This module has been deprecated. Please use THREE.Timer instead. @ http://localhost:3000/_next/static/chunks/e2981_next_dist_2a4927b8._.js:2297
[ 6308829ms] [LOG] [Fast Refresh] rebuilding @ http://localhost:3000/_next/static/chunks/e2981_next_dist_2a4927b8._.js:2297
[ 6309418ms] [LOG] [Fast Refresh] done in 682ms @ http://localhost:3000/_next/static/chunks/e2981_next_dist_2a4927b8._.js:2297
[ 6410011ms] [LOG] [Fast Refresh] rebuilding @ http://localhost:3000/_next/static/chunks/e2981_next_dist_2a4927b8._.js:2297
[ 6410283ms] [ERROR] ./work/portfilio/my-app/src/components/Navbar.tsx:7:1
Export useLenis doesn't exist in target module
   5 | import { List, GithubLogo, LinkedinLogo, FacebookLogo } from "@phosphor-icons/react";
   6 | import { ThemeToggle } from "@/components/ThemeToggle";
>  7 | import { useLenis } from "@/components/SmoothScroll";
     | ^^^^^^^^^^^^^^^^^^^^^^^^^^^^^^^^^^^^^^^^^^^^^^^^^^^^^
   8 | import {
   9 |   Sheet,
  10 |   SheetContent,

The export useLenis was not found in module [project]/work/portfilio/my-app/src/components/SmoothScroll.tsx [app-client] (ecmascript).
Did you mean to import useLenisRef?
All exports of the module are statically known (It doesn't have dynamic exports). So it's known statically that the requested export doesn't exist.

Import traces:
  Client Component Browser:
    ./work/portfilio/my-app/src/components/Navbar.tsx [Client Component Browser]
    ./work/portfilio/my-app/src/app/page.tsx [Client Component Browser]
    ./work/portfilio/my-app/src/app/page.tsx [Server Component]

  Client Component SSR:
    ./work/portfilio/my-app/src/components/Navbar.tsx [Client Component SSR]
    ./work/portfilio/my-app/src/app/page.tsx [Client Component SSR]
    ./work/portfilio/my-app/src/app/page.tsx [Server Component] @ http://localhost:3000/_next/static/chunks/e2981_next_dist_2a4927b8._.js:3127
[ 6410288ms] [ERROR] ./work/portfilio/my-app/src/components/Navbar.tsx:7:1
Export useLenis doesn't exist in target module
   5 | import { List, GithubLogo, LinkedinLogo, FacebookLogo } from "@phosphor-icons/react";
   6 | import { ThemeToggle } from "@/components/ThemeToggle";
>  7 | import { useLenis } from "@/components/SmoothScroll";
     | ^^^^^^^^^^^^^^^^^^^^^^^^^^^^^^^^^^^^^^^^^^^^^^^^^^^^^
   8 | import {
   9 |   Sheet,
  10 |   SheetContent,

The export useLenis was not found in module [project]/work/portfilio/my-app/src/components/SmoothScroll.tsx [app-ssr] (ecmascript).
Did you mean to import useLenisRef?
All exports of the module are statically known (It doesn't have dynamic exports). So it's known statically that the requested export doesn't exist.

Import traces:
  Client Component Browser:
    ./work/portfilio/my-app/src/components/Navbar.tsx [Client Component Browser]
    ./work/portfilio/my-app/src/app/page.tsx [Client Component Browser]
    ./work/portfilio/my-app/src/app/page.tsx [Server Component]

  Client Component SSR:
    ./work/portfilio/my-app/src/components/Navbar.tsx [Client Component SSR]
    ./work/portfilio/my-app/src/app/page.tsx [Client Component SSR]
    ./work/portfilio/my-app/src/app/page.tsx [Server Component] @ http://localhost:3000/_next/static/chunks/e2981_next_dist_2a4927b8._.js:3127
[ 6413229ms] [LOG] [Fast Refresh] rebuilding @ http://localhost:3000/_next/static/chunks/e2981_next_dist_2a4927b8._.js:2297
[ 6413579ms] [WARNING] [Fast Refresh] performing full reload

Fast Refresh will perform a full reload when you edit a file that's imported by modules outside of the React rendering tree.
You might have a file which exports a React component but also exports a value that is imported by a non-React component file.
Consider migrating the non-React component export to a separate file and importing it into both files.

It is also possible the parent component of the component you edited is a class component, which disables Fast Refresh.
Fast Refresh requires at least one parent function component in your React tree. @ http://localhost:3000/_next/static/chunks/e2981_next_dist_2a4927b8._.js:2297
[ 6413689ms] [LOG] [Fast Refresh] done in 452ms @ http://localhost:3000/_next/static/chunks/e2981_next_dist_2a4927b8._.js:2297
[ 6413822ms] [LOG] [Fast Refresh] rebuilding @ http://localhost:3000/_next/static/chunks/e2981_next_dist_2a4927b8._.js:2297
[ 6414108ms] [LOG] [Fast Refresh] done in 386ms @ http://localhost:3000/_next/static/chunks/e2981_next_dist_2a4927b8._.js:2297
[ 6416385ms] [ERROR] Failed to load resource: the server responded with a status of 500 (Internal Server Error) @ http://localhost:3000/:0
[ 6417588ms] [INFO] %cDownload the React DevTools for a better development experience: https://react.dev/link/react-devtools font-weight:bold @ http://localhost:3000/_next/static/chunks/e2981_next_dist_2a4927b8._.js:2297
[ 6417867ms] [LOG] [HMR] connected @ http://localhost:3000/_next/static/chunks/e2981_next_dist_2a4927b8._.js:2297
[ 6418785ms] ReferenceError: useLenis is not defined
    at Navbar (http://localhost:3000/_next/static/chunks/work_portfilio_my-app_src_dd0c452e._.js:611:19)
    at Object.react_stack_bottom_frame (http://localhost:3000/_next/static/chunks/e2981_next_dist_compiled_react-dom_b880f9f6._.js:14826:24)
    at renderWithHooks (http://localhost:3000/_next/static/chunks/e2981_next_dist_compiled_react-dom_b880f9f6._.js:4651:24)
    at updateFunctionComponent (http://localhost:3000/_next/static/chunks/e2981_next_dist_compiled_react-dom_b880f9f6._.js:6112:21)
    at beginWork (http://localhost:3000/_next/static/chunks/e2981_next_dist_compiled_react-dom_b880f9f6._.js:6708:24)
    at runWithFiberInDEV (http://localhost:3000/_next/static/chunks/e2981_next_dist_compiled_react-dom_b880f9f6._.js:965:74)
    at performUnitOfWork (http://localhost:3000/_next/static/chunks/e2981_next_dist_compiled_react-dom_b880f9f6._.js:9562:97)
    at workLoopSync (http://localhost:3000/_next/static/chunks/e2981_next_dist_compiled_react-dom_b880f9f6._.js:9456:40)
    at renderRootSync (http://localhost:3000/_next/static/chunks/e2981_next_dist_compiled_react-dom_b880f9f6._.js:9440:13)
    at performWorkOnRoot (http://localhost:3000/_next/static/chunks/e2981_next_dist_compiled_react-dom_b880f9f6._.js:9105:47)
    at performWorkOnRootViaSchedulerTask (http://localhost:3000/_next/static/chunks/e2981_next_dist_compiled_react-dom_b880f9f6._.js:10230:9)
    at MessagePort.performWorkUntilDeadline (http://localhost:3000/_next/static/chunks/e2981_next_dist_compiled_990ffcc9._.js:2647:64)
[ 6422000ms] [WARNING] The resource http://localhost:3000/_next/static/chunks/work_portfilio_my-app_src_app_635dfe0d._.css was preloaded using link preload but not used within a few seconds from the window's load event. Please make sure it has an appropriate `as` value and it is preloaded intentionally. @ http://localhost:3000/:0
[ 6509818ms] [LOG] [Fast Refresh] rebuilding @ http://localhost:3000/_next/static/chunks/e2981_next_dist_2a4927b8._.js:2297
[ 6510350ms] [LOG] [Fast Refresh] done in 634ms @ http://localhost:3000/_next/static/chunks/e2981_next_dist_2a4927b8._.js:2297
[ 6614234ms] [LOG] [Fast Refresh] rebuilding @ http://localhost:3000/_next/static/chunks/e2981_next_dist_2a4927b8._.js:2297
[ 6615775ms] [LOG] [Fast Refresh] done in 936ms @ http://localhost:3000/_next/static/chunks/e2981_next_dist_2a4927b8._.js:2297
[ 6616061ms] [WARNING] [Fast Refresh] performing full reload

Fast Refresh will perform a full reload when you edit a file that's imported by modules outside of the React rendering tree.
You might have a file which exports a React component but also exports a value that is imported by a non-React component file.
Consider migrating the non-React component export to a separate file and importing it into both files.

It is also possible the parent component of the component you edited is a class component, which disables Fast Refresh.
Fast Refresh requires at least one parent function component in your React tree. @ http://localhost:3000/_next/static/chunks/e2981_next_dist_2a4927b8._.js:2297
[ 6619587ms] [INFO] %cDownload the React DevTools for a better development experience: https://react.dev/link/react-devtools font-weight:bold @ http://localhost:3000/_next/static/chunks/e2981_next_dist_2a4927b8._.js:2297
[ 6620009ms] [LOG] [HMR] connected @ http://localhost:3000/_next/static/chunks/e2981_next_dist_2a4927b8._.js:2297
[ 6622353ms] [WARNING] THREE.Clock: This module has been deprecated. Please use THREE.Timer instead. @ http://localhost:3000/_next/static/chunks/e2981_next_dist_2a4927b8._.js:2297
[ 7068740ms] [LOG] [Fast Refresh] rebuilding @ http://localhost:3000/_next/static/chunks/e2981_next_dist_2a4927b8._.js:2297
[ 7069000ms] [LOG] [Fast Refresh] done in 314ms @ http://localhost:3000/_next/static/chunks/e2981_next_dist_2a4927b8._.js:2297
[ 7076057ms] [LOG] [Fast Refresh] rebuilding @ http://localhost:3000/_next/static/chunks/e2981_next_dist_2a4927b8._.js:2297
[ 7076281ms] [LOG] [Fast Refresh] done in 297ms @ http://localhost:3000/_next/static/chunks/e2981_next_dist_2a4927b8._.js:2297
[ 7207670ms] [LOG] [Fast Refresh] rebuilding @ http://localhost:3000/_next/static/chunks/e2981_next_dist_2a4927b8._.js:2297
[ 7208852ms] [LOG] [Fast Refresh] done in 838ms @ http://localhost:3000/_next/static/chunks/e2981_next_dist_2a4927b8._.js:2297
[ 7406293ms] [LOG] [Fast Refresh] rebuilding @ http://localhost:3000/_next/static/chunks/e2981_next_dist_2a4927b8._.js:2297
[ 7407795ms] [LOG] [Fast Refresh] done in 1173ms @ http://localhost:3000/_next/static/chunks/e2981_next_dist_2a4927b8._.js:2297
[ 7411494ms] [INFO] %cDownload the React DevTools for a better development experience: https://react.dev/link/react-devtools font-weight:bold @ http://localhost:3000/_next/static/chunks/e2981_next_dist_2a4927b8._.js:2297
[ 7411608ms] [LOG] [HMR] connected @ http://localhost:3000/_next/static/chunks/e2981_next_dist_2a4927b8._.js:2297
[ 7412663ms] [LOG] [Fast Refresh] rebuilding @ http://localhost:3000/_next/static/chunks/e2981_next_dist_2a4927b8._.js:2297
[ 7412694ms] [LOG] [Fast Refresh] done in 148ms @ http://localhost:3000/_next/static/chunks/e2981_next_dist_2a4927b8._.js:2297
[ 7415563ms] [WARNING] THREE.Clock: This module has been deprecated. Please use THREE.Timer instead. @ http://localhost:3000/_next/static/chunks/e2981_next_dist_2a4927b8._.js:2297
[ 7532564ms] [LOG] [Fast Refresh] rebuilding @ http://localhost:3000/_next/static/chunks/e2981_next_dist_2a4927b8._.js:2297
[ 7533354ms] [LOG] [Fast Refresh] done in 797ms @ http://localhost:3000/_next/static/chunks/e2981_next_dist_2a4927b8._.js:2297
[ 7573501ms] [LOG] [Fast Refresh] rebuilding @ http://localhost:3000/_next/static/chunks/e2981_next_dist_2a4927b8._.js:2297
[ 7573723ms] [LOG] [Fast Refresh] done in 290ms @ http://localhost:3000/_next/static/chunks/e2981_next_dist_2a4927b8._.js:2297
[ 7598009ms] [LOG] [Fast Refresh] rebuilding @ http://localhost:3000/_next/static/chunks/e2981_next_dist_2a4927b8._.js:2297
[ 7599191ms] [LOG] [Fast Refresh] done in 1026ms @ http://localhost:3000/_next/static/chunks/e2981_next_dist_2a4927b8._.js:2297
