[     241ms] [LOG] [Fast Refresh] rebuilding @ http://localhost:3000/_next/static/chunks/e2981_next_dist_2a4927b8._.js:2297
[     261ms] [LOG] [Fast Refresh] done in 121ms @ http://localhost:3000/_next/static/chunks/e2981_next_dist_2a4927b8._.js:2297
[    1445ms] [INFO] %cDownload the React DevTools for a better development experience: https://react.dev/link/react-devtools font-weight:bold @ http://localhost:3000/_next/static/chunks/e2981_next_dist_2a4927b8._.js:2297
[    1634ms] [LOG] [HMR] connected @ http://localhost:3000/_next/static/chunks/e2981_next_dist_2a4927b8._.js:2297
[    2766ms] [WARNING] THREE.Clock: This module has been deprecated. Please use THREE.Timer instead. @ http://localhost:3000/_next/static/chunks/e2981_next_dist_2a4927b8._.js:2297
[  737765ms] [LOG] [Fast Refresh] rebuilding @ http://localhost:3000/_next/static/chunks/e2981_next_dist_2a4927b8._.js:2297
[  737772ms] [LOG] [Fast Refresh] done in 106ms @ http://localhost:3000/_next/static/chunks/e2981_next_dist_2a4927b8._.js:2297
[  759927ms] [LOG] [Fast Refresh] rebuilding @ http://localhost:3000/_next/static/chunks/e2981_next_dist_2a4927b8._.js:2297
[  759930ms] [LOG] [Fast Refresh] done in 104ms @ http://localhost:3000/_next/static/chunks/e2981_next_dist_2a4927b8._.js:2297
[  760062ms] [LOG] [Fast Refresh] rebuilding @ http://localhost:3000/_next/static/chunks/e2981_next_dist_2a4927b8._.js:2297
[  760067ms] [LOG] [Fast Refresh] done in 104ms @ http://localhost:3000/_next/static/chunks/e2981_next_dist_2a4927b8._.js:2297
[  771720ms] [LOG] [Fast Refresh] rebuilding @ http://localhost:3000/_next/static/chunks/e2981_next_dist_2a4927b8._.js:2297
[  774900ms] [LOG] [Fast Refresh] done in 2742ms @ http://localhost:3000/_next/static/chunks/e2981_next_dist_2a4927b8._.js:2297
[  775910ms] [LOG] THREE.WebGLRenderer: Context Lost. @ http://localhost:3000/_next/static/chunks/e2981_next_dist_2a4927b8._.js:2297
[  810394ms] [LOG] [Fast Refresh] rebuilding @ http://localhost:3000/_next/static/chunks/e2981_next_dist_2a4927b8._.js:2297
[  810604ms] [LOG] [Fast Refresh] done in 286ms @ http://localhost:3000/_next/static/chunks/e2981_next_dist_2a4927b8._.js:2297
[  836134ms] [LOG] [Fast Refresh] rebuilding @ http://localhost:3000/_next/static/chunks/e2981_next_dist_2a4927b8._.js:2297
[  837172ms] [LOG] [Fast Refresh] done in 1002ms @ http://localhost:3000/_next/static/chunks/e2981_next_dist_2a4927b8._.js:2297
[  837323ms] [LOG] [Fast Refresh] rebuilding @ http://localhost:3000/_next/static/chunks/e2981_next_dist_2a4927b8._.js:2297
[  837597ms] [LOG] [Fast Refresh] done in 381ms @ http://localhost:3000/_next/static/chunks/e2981_next_dist_2a4927b8._.js:2297
[  838757ms] [LOG] [Fast Refresh] rebuilding @ http://localhost:3000/_next/static/chunks/e2981_next_dist_2a4927b8._.js:2297
[  838814ms] [LOG] [Fast Refresh] done in 158ms @ http://localhost:3000/_next/static/chunks/e2981_next_dist_2a4927b8._.js:2297
[  840143ms] [INFO] %cDownload the React DevTools for a better development experience: https://react.dev/link/react-devtools font-weight:bold @ http://localhost:3000/_next/static/chunks/e2981_next_dist_2a4927b8._.js:2297
[  840341ms] [LOG] [HMR] connected @ http://localhost:3000/_next/static/chunks/e2981_next_dist_2a4927b8._.js:2297
[  844455ms] [WARNING] THREE.Clock: This module has been deprecated. Please use THREE.Timer instead. @ http://localhost:3000/_next/static/chunks/e2981_next_dist_2a4927b8._.js:2297
[  966576ms] [LOG] [Fast Refresh] rebuilding @ http://localhost:3000/_next/static/chunks/e2981_next_dist_2a4927b8._.js:2297
[  966577ms] [LOG] [Fast Refresh] done in 125ms @ http://localhost:3000/_next/static/chunks/e2981_next_dist_2a4927b8._.js:2297
[  976261ms] [LOG] [Fast Refresh] rebuilding @ http://localhost:3000/_next/static/chunks/e2981_next_dist_2a4927b8._.js:2297
[  976284ms] [LOG] [Fast Refresh] done in 150ms @ http://localhost:3000/_next/static/chunks/e2981_next_dist_2a4927b8._.js:2297
[  976438ms] [LOG] [Fast Refresh] rebuilding @ http://localhost:3000/_next/static/chunks/e2981_next_dist_2a4927b8._.js:2297
[  976707ms] [LOG] [Fast Refresh] done in 375ms @ http://localhost:3000/_next/static/chunks/e2981_next_dist_2a4927b8._.js:2297
[  988510ms] [LOG] [Fast Refresh] rebuilding @ http://localhost:3000/_next/static/chunks/e2981_next_dist_2a4927b8._.js:2297
[  989606ms] [LOG] [Fast Refresh] done in 984ms @ http://localhost:3000/_next/static/chunks/e2981_next_dist_2a4927b8._.js:2297
[  990294ms] [LOG] THREE.WebGLRenderer: Context Lost. @ http://localhost:3000/_next/static/chunks/e2981_next_dist_2a4927b8._.js:2297
