[    2127ms] [INFO] %cDownload the React DevTools for a better development experience: https://react.dev/link/react-devtools font-weight:bold @ http://localhost:3000/_next/static/chunks/e2981_next_dist_2a4927b8._.js:2297
[    2849ms] [LOG] [HMR] connected @ http://localhost:3000/_next/static/chunks/e2981_next_dist_2a4927b8._.js:2297
[    6319ms] [WARNING] THREE.Clock: This module has been deprecated. Please use THREE.Timer instead. @ http://localhost:3000/_next/static/chunks/e2981_next_dist_2a4927b8._.js:2297
[    7037ms] [WARNING] THREE.Color: Unknown color model lab(97.68% -.0000298023 .0000119209) @ http://localhost:3000/_next/static/chunks/e2981_next_dist_2a4927b8._.js:2297
[    7039ms] [WARNING] THREE.Color: Unknown color model lab(45.6764% 12.5449 -75.1693) @ http://localhost:3000/_next/static/chunks/e2981_next_dist_2a4927b8._.js:2297
[    7041ms] [WARNING] THREE.Color: Unknown color model lab(97.68% -.0000298023 .0000119209) @ http://localhost:3000/_next/static/chunks/e2981_next_dist_2a4927b8._.js:2297
[    7046ms] [WARNING] THREE.Color: Unknown color model lab(45.6764% 12.5449 -75.1693) @ http://localhost:3000/_next/static/chunks/e2981_next_dist_2a4927b8._.js:2297
[    7416ms] [WARNING] THREE.Color: Unknown color model lab(97.68% -.0000298023 .0000119209) @ http://localhost:3000/_next/static/chunks/e2981_next_dist_2a4927b8._.js:2297
[    7420ms] [WARNING] THREE.Color: Unknown color model lab(45.6764% 12.5449 -75.1693) @ http://localhost:3000/_next/static/chunks/e2981_next_dist_2a4927b8._.js:2297
[   40348ms] [LOG] [Fast Refresh] rebuilding @ http://localhost:3000/_next/static/chunks/e2981_next_dist_2a4927b8._.js:2297
[   40681ms] ReferenceError: readVar is not defined
    at Scene.useMemo (http://localhost:3000/_next/static/chunks/work_portfilio_my-app_src_components_hero_7a0571d9._.js?id=%255Bproject%255D%252Fwork%252Fportfilio%252Fmy-app%252Fsrc%252Fcomponents%252Fhero%252FScene.tsx+%255Bapp-client%255D+%2528ecmascript%2529:66:24)
    at updateMemo (http://localhost:3000/_next/static/chunks/e2981_next_dist_compiled_react-dom_b880f9f6._.js:5444:21)
    at Object.useMemo (http://localhost:3000/_next/static/chunks/e2981_next_dist_compiled_react-dom_b880f9f6._.js:15255:24)
    at exports.useMemo (http://localhost:3000/_next/static/chunks/e2981_next_dist_compiled_990ffcc9._.js:1742:36)
    at Scene (http://localhost:3000/_next/static/chunks/work_portfilio_my-app_src_components_hero_7a0571d9._.js?id=%255Bproject%255D%252Fwork%252Fportfilio%252Fmy-app%252Fsrc%252Fcomponents%252Fhero%252FScene.tsx+%255Bapp-client%255D+%2528ecmascript%2529:64:399)
    at Object.react_stack_bottom_frame (http://localhost:3000/_next/static/chunks/e2981_next_dist_compiled_react-dom_b880f9f6._.js:14826:24)
    at renderWithHooks (http://localhost:3000/_next/static/chunks/e2981_next_dist_compiled_react-dom_b880f9f6._.js:4651:24)
    at updateFunctionComponent (http://localhost:3000/_next/static/chunks/e2981_next_dist_compiled_react-dom_b880f9f6._.js:6112:21)
    at beginWork (http://localhost:3000/_next/static/chunks/e2981_next_dist_compiled_react-dom_b880f9f6._.js:6708:24)
    at runWithFiberInDEV (http://localhost:3000/_next/static/chunks/e2981_next_dist_compiled_react-dom_b880f9f6._.js:965:74)
    at performUnitOfWork (http://localhost:3000/_next/static/chunks/e2981_next_dist_compiled_react-dom_b880f9f6._.js:9562:97)
    at workLoopSync (http://localhost:3000/_next/static/chunks/e2981_next_dist_compiled_react-dom_b880f9f6._.js:9456:40)
    at renderRootSync (http://localhost:3000/_next/static/chunks/e2981_next_dist_compiled_react-dom_b880f9f6._.js:9440:13)
    at performWorkOnRoot (http://localhost:3000/_next/static/chunks/e2981_next_dist_compiled_react-dom_b880f9f6._.js:9105:47)
    at performSyncWorkOnRoot (http://localhost:3000/_next/static/chunks/e2981_next_dist_compiled_react-dom_b880f9f6._.js:10238:9)
    at flushSyncWorkAcrossRoots_impl (http://localhost:3000/_next/static/chunks/e2981_next_dist_compiled_react-dom_b880f9f6._.js:10154:316)
    at flushSyncWork$1 (http://localhost:3000/_next/static/chunks/e2981_next_dist_compiled_react-dom_b880f9f6._.js:9237:86)
    at Object.scheduleRefresh (http://localhost:3000/_next/static/chunks/e2981_next_dist_compiled_react-dom_b880f9f6._.js:299:13)
    at http://localhost:3000/_next/static/chunks/e2981_next_dist_compiled_990ffcc9._.js:391:33
    at Set.forEach (<anonymous>)
    at Object.performReactRefresh (http://localhost:3000/_next/static/chunks/e2981_next_dist_compiled_990ffcc9._.js:384:38)
    at applyUpdate (http://localhost:3000/_next/static/chunks/e2981_next_dist_compiled_990ffcc9._.js:878:31)
    at http://localhost:3000/_next/static/chunks/e2981_next_dist_compiled_990ffcc9._.js:886:13
[   41582ms] [LOG] [Fast Refresh] done in 312ms @ http://localhost:3000/_next/static/chunks/e2981_next_dist_2a4927b8._.js:2297
[   41962ms] [LOG] [Fast Refresh] rebuilding @ http://localhost:3000/_next/static/chunks/e2981_next_dist_2a4927b8._.js:2297
[   42144ms] [LOG] THREE.WebGLRenderer: Context Lost. @ http://localhost:3000/_next/static/chunks/e2981_next_dist_2a4927b8._.js:2297
[   42240ms] [WARNING] [Fast Refresh] performing full reload because your application had an unrecoverable error @ http://localhost:3000/_next/static/chunks/e2981_next_dist_2a4927b8._.js:2297
[   43209ms] [LOG] [Fast Refresh] done in 648ms @ http://localhost:3000/_next/static/chunks/e2981_next_dist_2a4927b8._.js:2297
[   44557ms] [INFO] %cDownload the React DevTools for a better development experience: https://react.dev/link/react-devtools font-weight:bold @ http://localhost:3000/_next/static/chunks/e2981_next_dist_2a4927b8._.js:2297
[   44832ms] [LOG] [HMR] connected @ http://localhost:3000/_next/static/chunks/e2981_next_dist_2a4927b8._.js:2297
[   47449ms] [WARNING] THREE.Clock: This module has been deprecated. Please use THREE.Timer instead. @ http://localhost:3000/_next/static/chunks/e2981_next_dist_2a4927b8._.js:2297
[   48430ms] [WARNING] THREE.Color: Unknown color model lab(97.68 -0.0000298023 0.0000119209) @ http://localhost:3000/_next/static/chunks/e2981_next_dist_2a4927b8._.js:2297
[   48431ms] [WARNING] THREE.Color: Unknown color model lab(45.6764 12.5449 -75.1693) @ http://localhost:3000/_next/static/chunks/e2981_next_dist_2a4927b8._.js:2297
[   48431ms] [WARNING] THREE.Color: Unknown color model lab(97.68 -0.0000298023 0.0000119209) @ http://localhost:3000/_next/static/chunks/e2981_next_dist_2a4927b8._.js:2297
[   48432ms] [WARNING] THREE.Color: Unknown color model lab(45.6764 12.5449 -75.1693) @ http://localhost:3000/_next/static/chunks/e2981_next_dist_2a4927b8._.js:2297
